<?xml version="1.0" encoding="UTF-8"?>
<!-- Generated by org.testng.reporters.JUnitXMLReporter -->
<testsuite hostname="VAIO" ignored="0" name="Mom" tests="4" failures="1" timestamp="19 Sep 2017 08:20:42 GMT" time="0.064" errors="0">
  <testcase name="Giddu" time="0.015" classname="com.virphy.TestNG.Browser"/>
  <testcase name="Mani" time="0.0" classname="com.virphy.TestNG.Browser"/>
  <testcase name="Ravi" time="0.0" classname="com.virphy.TestNG.Browser"/>
  <testcase name="Sandeep" time="0.0" classname="com.virphy.TestNG.Browser">
    <failure type="java.lang.AssertionError" message="null">
      <![CDATA[java.lang.AssertionError: null
	at com.virphy.TestNG.Browser.Sandeep(Browser.java:19)
	at java.util.concurrent.ThreadPoolExecutor.runWorker(Unknown Source)
	at java.util.concurrent.ThreadPoolExecutor$Worker.run(Unknown Source)
	at java.lang.Thread.run(Unknown Source)
... Removed 12 stack frames]]>
    </failure>
  </testcase> <!-- Sandeep -->
</testsuite> <!-- Mom -->
