<?xml version="1.0" encoding="UTF-8"?>
<!-- Generated by org.testng.reporters.JUnitXMLReporter -->
<testsuite hostname="VAIO" ignored="0" name="Default test" tests="6" failures="0" timestamp="04 Oct 2017 09:12:31 GMT" time="43.731" errors="0">
  <testcase name="openSeleniumRAVI" time="14.752" classname="SeleniumPrograms.SeleniumTest"/>
  <testcase name="openSeleniumRAVI" time="18.09" classname="SeleniumPrograms.SeleniumTest"/>
  <testcase name="openSeleniumRAVI" time="28.578" classname="SeleniumPrograms.SeleniumTest"/>
  <testcase name="openSeleniumRAVI" time="29.573" classname="SeleniumPrograms.SeleniumTest"/>
  <testcase name="openSeleniumRAVI" time="39.948" classname="SeleniumPrograms.SeleniumTest"/>
  <testcase name="openSeleniumRAVI" time="43.049" classname="SeleniumPrograms.SeleniumTest"/>
</testsuite> <!-- Default test -->
